('interm0', [(0, ('cc', 'status_id')), (1, ('cc', 'movie_id'))], [1])
[('cc', ['status_id'], ['movie_id']), ('cct1', ['id'], [])]
[[('cc', 'status_id'), ('cct1', 'id')]]
########################################################################################################################################################################################################
('interm1', [(0, ('t', 'kind_id')), (1, ('t', 'id')), (2, ('t', 'title')), (3, ('kt', 'kind'))], [1])
[('t', ['kind_id', 'id'], ['title']), ('kt', ['id'], ['kind']), ('interm0', ['col1'], [])]
[[('t', 'kind_id'), ('kt', 'id')], [('t', 'id'), ('interm0', 'col1')]]
########################################################################################################################################################################################################
('interm2', [(0, ('mc', 'company_type_id')), (1, ('mc', 'company_id')), (2, ('mc', 'movie_id')), (4, ('interm1', 'col2')), (5, ('interm1', 'col3'))], [2])
[('mc', ['company_type_id', 'company_id', 'movie_id'], []), ('ct', ['id'], []), ('cn', ['id'], []), ('interm1', ['col1'], ['col2', 'col3'])]
[[('mc', 'company_type_id'), ('ct', 'id')], [('mc', 'movie_id'), ('interm1', 'col1')], [('mc', 'company_id'), ('cn', 'id')]]
########################################################################################################################################################################################################
('interm3', [(0, ('mk', 'keyword_id')), (1, ('mk', 'movie_id')), (5, ('interm2', 'col4')), (6, ('interm2', 'col5'))], [1])
[('mk', ['keyword_id', 'movie_id'], []), ('k', ['id'], []), ('interm2', ['col2'], ['col4', 'col5'])]
[[('mk', 'keyword_id'), ('k', 'id')], [('mk', 'movie_id'), ('interm2', 'col2')]]
########################################################################################################################################################################################################
('root', [(6, ('interm3', 'col5')), (7, ('interm3', 'col6'))], [])
[('mi', ['info_type_id', 'movie_id'], []), ('it1', ['id'], []), ('interm3', ['col1'], ['col5', 'col6'])]
[[('mi', 'info_type_id'), ('it1', 'id')], [('mi', 'movie_id'), ('interm3', 'col1')]]
########################################################################################################################################################################################################
