('interm0', [(0, ('cc', 'subject_id')), (1, ('cc', 'status_id')), (2, ('cc', 'movie_id'))], [2])
[('cc', ['subject_id', 'status_id'], ['movie_id']), ('cct1', ['id'], []), ('cct2', ['id'], [])]
[[('cc', 'subject_id'), ('cct1', 'id')], [('cc', 'status_id'), ('cct2', 'id')]]
########################################################################################################################################################################################################
('interm1', [(0, ('t', 'id')), (1, ('t', 'title'))], [0])
[('t', ['id'], ['title']), ('interm0', ['col2'], [])]
[[('t', 'id'), ('interm0', 'col2')]]
########################################################################################################################################################################################################
('interm2', [(0, ('mc', 'company_id')), (1, ('mc', 'movie_id')), (2, ('interm1', 'col1'))], [1])
[('mc', ['company_id', 'movie_id'], []), ('cn', ['id'], []), ('interm1', ['col0'], ['col1'])]
[[('mc', 'movie_id'), ('interm1', 'col0')], [('mc', 'company_id'), ('cn', 'id')]]
########################################################################################################################################################################################################
('interm3', [(0, ('mk', 'keyword_id')), (1, ('mk', 'movie_id')), (3, ('interm2', 'col2'))], [1])
[('mk', ['keyword_id', 'movie_id'], []), ('k', ['id'], []), ('interm2', ['col1'], ['col2'])]
[[('mk', 'keyword_id'), ('k', 'id')], [('mk', 'movie_id'), ('interm2', 'col1')]]
########################################################################################################################################################################################################
('interm4', [(0, ('mi', 'info_type_id')), (1, ('mi', 'movie_id')), (4, ('interm3', 'col3'))], [1])
[('mi', ['info_type_id', 'movie_id'], []), ('it', ['id'], []), ('interm3', ['col1'], ['col3'])]
[[('mi', 'info_type_id'), ('it', 'id')], [('mi', 'movie_id'), ('interm3', 'col1')]]
########################################################################################################################################################################################################
('interm5', [(0, ('pi', 'person_id')), (1, ('pi', 'info_type_id'))], [0])
[('pi', ['person_id', 'info_type_id'], []), ('an', ['person_id'], []), ('it3', ['id'], [])]
[[('pi', 'info_type_id'), ('it3', 'id')], [('pi', 'person_id'), ('an', 'person_id')]]
########################################################################################################################################################################################################
('interm6', [(0, ('n', 'id')), (1, ('n', 'name'))], [0])
[('n', ['id'], ['name']), ('interm5', ['col0'], [])]
[[('n', 'id'), ('interm5', 'col0')]]
########################################################################################################################################################################################################
('root', [(4, ('chn', 'name')), (5, ('interm6', 'col1')), (10, ('interm4', 'col4'))], [])
[('ci', ['person_role_id', 'role_id', 'person_id', 'movie_id'], []), ('chn', ['id'], ['name']), ('rt', ['id'], []), ('interm6', ['col0'], ['col1']), ('interm4', ['col1'], ['col4'])]
[[('ci', 'role_id'), ('rt', 'id')], [('ci', 'movie_id'), ('interm4', 'col1')], [('ci', 'person_id'), ('interm6', 'col0')], [('ci', 'person_role_id'), ('chn', 'id')]]
########################################################################################################################################################################################################
