('interm0', [(0, ('cc', 'status_id')), (1, ('cc', 'movie_id'))])
[('cc', ['status_id'], ['movie_id']), ('cct1', ['id'], [])]
[[('cc', 'status_id'), ('cct1', 'id')]]
########################################################################################################################################################################################################
('interm1', [(0, ('t', 'kind_id')), (1, ('t', 'id')), (2, ('t', 'title')), (3, ('kt', 'kind')), (4, ('interm0', 'col0'))])
[('t', ['kind_id', 'id'], ['title']), ('kt', ['id'], ['kind']), ('interm0', ['col1'], ['col0'])]
[[('t', 'kind_id'), ('kt', 'id')], [('t', 'id'), ('interm0', 'col1')]]
########################################################################################################################################################################################################
('interm2', [(0, ('mc', 'company_type_id')), (1, ('mc', 'company_id')), (2, ('mc', 'movie_id')), (3, ('interm1', 'col0')), (4, ('interm1', 'col2')), (5, ('interm1', 'col3')), (6, ('interm1', 'col4'))])
[('mc', ['company_type_id', 'company_id', 'movie_id'], []), ('ct', ['id'], []), ('cn', ['id'], []), ('interm1', ['col1'], ['col0', 'col2', 'col3', 'col4'])]
[[('mc', 'company_type_id'), ('ct', 'id')], [('mc', 'company_id'), ('cn', 'id')], [('mc', 'movie_id'), ('interm1', 'col1')]]
########################################################################################################################################################################################################
('interm3', [(0, ('mk', 'keyword_id')), (1, ('mk', 'movie_id')), (2, ('interm2', 'col0')), (3, ('interm2', 'col1')), (4, ('interm2', 'col3')), (5, ('interm2', 'col4')), (6, ('interm2', 'col5')), (7, ('interm2', 'col6'))])
[('mk', ['keyword_id', 'movie_id'], []), ('k', ['id'], []), ('interm2', ['col2'], ['col0', 'col1', 'col3', 'col4', 'col5', 'col6'])]
[[('mk', 'keyword_id'), ('k', 'id')], [('mk', 'movie_id'), ('interm2', 'col2')]]
########################################################################################################################################################################################################
('root', [(0, ('mi', 'info_type_id')), (1, ('mi', 'movie_id')), (2, ('interm3', 'col0')), (3, ('interm3', 'col2')), (4, ('interm3', 'col3')), (5, ('interm3', 'col4')), (6, ('interm3', 'col5')), (7, ('interm3', 'col6')), (8, ('interm3', 'col7'))])
[('mi', ['info_type_id', 'movie_id'], []), ('it1', ['id'], []), ('interm3', ['col1'], ['col0', 'col2', 'col3', 'col4', 'col5', 'col6', 'col7'])]
[[('mi', 'info_type_id'), ('it1', 'id')], [('mi', 'movie_id'), ('interm3', 'col1')]]
########################################################################################################################################################################################################
