('interm0', [(0, ('cc', 'subject_id')), (1, ('cc', 'status_id')), (2, ('cc', 'movie_id'))])
[('cc', ['subject_id', 'status_id'], ['movie_id']), ('cct1', ['id'], []), ('cct2', ['id'], [])]
[[('cc', 'subject_id'), ('cct1', 'id')], [('cc', 'status_id'), ('cct2', 'id')]]
########################################################################################################################################################################################################
('interm1', [(0, ('mi_idx', 'info_type_id')), (1, ('mi_idx', 'movie_id')), (2, ('mi_idx', 'info')), (3, ('interm0', 'col0')), (4, ('interm0', 'col1'))])
[('mi_idx', ['info_type_id', 'movie_id'], ['info']), ('it2', ['id'], []), ('interm0', ['col2'], ['col0', 'col1'])]
[[('mi_idx', 'info_type_id'), ('it2', 'id')], [('mi_idx', 'movie_id'), ('interm0', 'col2')]]
########################################################################################################################################################################################################
('interm2', [(0, ('t', 'kind_id')), (1, ('t', 'id')), (2, ('t', 'title')), (3, ('interm1', 'col0')), (4, ('interm1', 'col2')), (5, ('interm1', 'col3')), (6, ('interm1', 'col4'))])
[('t', ['kind_id', 'id'], ['title']), ('kt', ['id'], []), ('interm1', ['col1'], ['col0', 'col2', 'col3', 'col4'])]
[[('t', 'kind_id'), ('kt', 'id')], [('t', 'id'), ('interm1', 'col1')]]
########################################################################################################################################################################################################
('interm3', [(0, ('mk', 'keyword_id')), (1, ('mk', 'movie_id')), (2, ('interm2', 'col0')), (3, ('interm2', 'col2')), (4, ('interm2', 'col3')), (5, ('interm2', 'col4')), (6, ('interm2', 'col5')), (7, ('interm2', 'col6'))])
[('mk', ['keyword_id', 'movie_id'], []), ('k', ['id'], []), ('interm2', ['col1'], ['col0', 'col2', 'col3', 'col4', 'col5', 'col6'])]
[[('mk', 'keyword_id'), ('k', 'id')], [('mk', 'movie_id'), ('interm2', 'col1')]]
########################################################################################################################################################################################################
('root', [])
[('ci', ['person_id', 'person_role_id', 'movie_id'], []), ('n', ['id'], ['name']), ('chn', ['id'], ['name']), ('interm3', ['col1'], ['col0', 'col2', 'col3', 'col4', 'col5', 'col6', 'col7'])]
[[('ci', 'person_id'), ('n', 'id')], [('ci', 'person_role_id'), ('chn', 'id')], [('ci', 'movie_id'), ('interm3', 'col1')]]
########################################################################################################################################################################################################
