('interm0', [(0, ('cc', 'subject_id')), (1, ('cc', 'status_id')), (2, ('cc', 'movie_id'))], [2])
[('cc', ['subject_id', 'status_id'], ['movie_id']), ('cct1', ['id'], []), ('cct2', ['id'], [])]
[[('cc', 'subject_id'), ('cct1', 'id')], [('cc', 'status_id'), ('cct2', 'id')]]
########################################################################################################################################################################################################
('interm1', [(0, ('mi_idx', 'info_type_id')), (1, ('mi_idx', 'movie_id')), (2, ('mi_idx', 'info'))], [1])
[('mi_idx', ['info_type_id', 'movie_id'], ['info']), ('it2', ['id'], []), ('interm0', ['col2'], [])]
[[('mi_idx', 'info_type_id'), ('it2', 'id')], [('mi_idx', 'movie_id'), ('interm0', 'col2')]]
########################################################################################################################################################################################################
('interm2', [(0, ('t', 'kind_id')), (1, ('t', 'id')), (2, ('t', 'title')), (4, ('interm1', 'col2'))], [1])
[('t', ['kind_id', 'id'], ['title']), ('kt', ['id'], []), ('interm1', ['col1'], ['col2'])]
[[('t', 'kind_id'), ('kt', 'id')], [('t', 'id'), ('interm1', 'col1')]]
########################################################################################################################################################################################################
('interm3', [(0, ('mk', 'keyword_id')), (1, ('mk', 'movie_id')), (3, ('interm2', 'col2')), (5, ('interm2', 'col4'))], [1])
[('mk', ['keyword_id', 'movie_id'], []), ('k', ['id'], []), ('interm2', ['col1'], ['col2', 'col4'])]
[[('mk', 'keyword_id'), ('k', 'id')], [('mk', 'movie_id'), ('interm2', 'col1')]]
########################################################################################################################################################################################################
('root', [(0, ('ci', 'person_id')), (1, ('ci', 'person_role_id')), (2, ('ci', 'movie_id')), (3, ('chn', 'name')), (6, ('interm3', 'col3')), (8, ('interm3', 'col5'))], [])
[('ci', ['person_id', 'person_role_id', 'movie_id'], []), ('n', ['id'], []), ('chn', ['id'], ['name']), ('interm3', ['col1'], ['col3', 'col5'])]
[[('ci', 'person_id'), ('n', 'id')], [('ci', 'person_role_id'), ('chn', 'id')], [('ci', 'movie_id'), ('interm3', 'col1')]]
########################################################################################################################################################################################################
