('interm0', [(0, ('ml', 'link_type_id')), (1, ('ml', 'movie_id')), (2, ('lt', 'link'))], [1])
[('ml', ['link_type_id'], ['movie_id']), ('lt', ['id'], ['link'])]
[[('ml', 'link_type_id'), ('lt', 'id')]]
########################################################################################################################################################################################################
('interm1', [(0, ('cc', 'subject_id')), (1, ('cc', 'status_id')), (2, ('cc', 'movie_id')), (3, ('interm0', 'col0')), (4, ('interm0', 'col2'))], [2])
[('cc', ['subject_id', 'status_id', 'movie_id'], []), ('cct1', ['id'], []), ('cct2', ['id'], []), ('interm0', ['col1'], ['col0', 'col2'])]
[[('cc', 'subject_id'), ('cct1', 'id')], [('cc', 'status_id'), ('cct2', 'id')], [('cc', 'movie_id'), ('interm0', 'col1')]]
########################################################################################################################################################################################################
('interm2', [(0, ('t', 'id')), (1, ('t', 'title')), (2, ('interm1', 'col0')), (3, ('interm1', 'col1')), (4, ('interm1', 'col3')), (5, ('interm1', 'col4'))], [0])
[('t', ['id'], ['title']), ('interm1', ['col2'], ['col0', 'col1', 'col3', 'col4'])]
[[('t', 'id'), ('interm1', 'col2')]]
########################################################################################################################################################################################################
('interm3', [(0, ('mc', 'company_type_id')), (1, ('mc', 'company_id')), (2, ('mc', 'movie_id')), (3, ('cn', 'name')), (4, ('interm2', 'col1')), (5, ('interm2', 'col2')), (6, ('interm2', 'col3')), (7, ('interm2', 'col4')), (8, ('interm2', 'col5'))], [2])
[('mc', ['company_type_id', 'company_id', 'movie_id'], []), ('ct', ['id'], []), ('cn', ['id'], ['name']), ('interm2', ['col0'], ['col1', 'col2', 'col3', 'col4', 'col5'])]
[[('mc', 'company_type_id'), ('ct', 'id')], [('mc', 'company_id'), ('cn', 'id')], [('mc', 'movie_id'), ('interm2', 'col0')]]
########################################################################################################################################################################################################
('interm4', [(0, ('mk', 'keyword_id')), (1, ('mk', 'movie_id')), (2, ('interm3', 'col0')), (3, ('interm3', 'col1')), (4, ('interm3', 'col3')), (5, ('interm3', 'col4')), (6, ('interm3', 'col5')), (7, ('interm3', 'col6')), (8, ('interm3', 'col7')), (9, ('interm3', 'col8'))], [1])
[('mk', ['keyword_id', 'movie_id'], []), ('k', ['id'], []), ('interm3', ['col2'], ['col0', 'col1', 'col3', 'col4', 'col5', 'col6', 'col7', 'col8'])]
[[('mk', 'keyword_id'), ('k', 'id')], [('mk', 'movie_id'), ('interm3', 'col2')]]
########################################################################################################################################################################################################
('root', [(0, ('mi', 'movie_id')), (1, ('interm4', 'col0')), (2, ('interm4', 'col2')), (3, ('interm4', 'col3')), (4, ('interm4', 'col4')), (5, ('interm4', 'col5')), (6, ('interm4', 'col6')), (7, ('interm4', 'col7')), (8, ('interm4', 'col8')), (9, ('interm4', 'col9'))], [])
[('mi', ['movie_id'], []), ('interm4', ['col1'], ['col0', 'col2', 'col3', 'col4', 'col5', 'col6', 'col7', 'col8', 'col9'])]
[[('mi', 'movie_id'), ('interm4', 'col1')]]
########################################################################################################################################################################################################
