('interm0', [(0, ('cc', 'subject_id')), (1, ('cc', 'status_id')), (2, ('cc', 'movie_id'))])
[('cc', ['subject_id', 'status_id'], ['movie_id']), ('cct1', ['id'], []), ('cct2', ['id'], [])]
[[('cc', 'subject_id'), ('cct1', 'id')], [('cc', 'status_id'), ('cct2', 'id')]]
########################################################################################################################################################################################################
('interm1', [(0, ('t', 'id')), (1, ('t', 'title')), (2, ('interm0', 'col0')), (3, ('interm0', 'col1'))])
[('t', ['id'], ['title']), ('interm0', ['col2'], ['col0', 'col1'])]
[[('t', 'id'), ('interm0', 'col2')]]
########################################################################################################################################################################################################
('interm2', [(0, ('mc', 'company_id')), (1, ('mc', 'movie_id')), (2, ('interm1', 'col1')), (3, ('interm1', 'col2')), (4, ('interm1', 'col3'))])
[('mc', ['company_id', 'movie_id'], []), ('cn', ['id'], []), ('interm1', ['col0'], ['col1', 'col2', 'col3'])]
[[('mc', 'company_id'), ('cn', 'id')], [('mc', 'movie_id'), ('interm1', 'col0')]]
########################################################################################################################################################################################################
('interm3', [(0, ('mk', 'keyword_id')), (1, ('mk', 'movie_id')), (2, ('interm2', 'col0')), (3, ('interm2', 'col2')), (4, ('interm2', 'col3')), (5, ('interm2', 'col4'))])
[('mk', ['keyword_id', 'movie_id'], []), ('k', ['id'], []), ('interm2', ['col1'], ['col0', 'col2', 'col3', 'col4'])]
[[('mk', 'keyword_id'), ('k', 'id')], [('mk', 'movie_id'), ('interm2', 'col1')]]
########################################################################################################################################################################################################
('interm4', [(0, ('mi', 'info_type_id')), (1, ('mi', 'movie_id')), (2, ('interm3', 'col0')), (3, ('interm3', 'col2')), (4, ('interm3', 'col3')), (5, ('interm3', 'col4')), (6, ('interm3', 'col5'))])
[('mi', ['info_type_id', 'movie_id'], []), ('it', ['id'], []), ('interm3', ['col1'], ['col0', 'col2', 'col3', 'col4', 'col5'])]
[[('mi', 'info_type_id'), ('it', 'id')], [('mi', 'movie_id'), ('interm3', 'col1')]]
########################################################################################################################################################################################################
('interm5', [(0, ('pi', 'person_id')), (1, ('pi', 'info_type_id'))])
[('pi', ['person_id', 'info_type_id'], []), ('an', ['person_id'], []), ('it3', ['id'], [])]
[[('pi', 'person_id'), ('an', 'person_id')], [('pi', 'info_type_id'), ('it3', 'id')]]
########################################################################################################################################################################################################
('interm6', [(0, ('n', 'id')), (1, ('n', 'name')), (2, ('interm5', 'col1'))])
[('n', ['id'], ['name']), ('interm5', ['col0'], ['col1'])]
[[('n', 'id'), ('interm5', 'col0')]]
########################################################################################################################################################################################################
('root', [(0, ('ci', 'person_role_id')), (1, ('ci', 'role_id')), (2, ('ci', 'person_id')), (3, ('ci', 'movie_id')), (4, ('chn', 'name')), (5, ('interm6', 'col1')), (6, ('interm6', 'col2')), (7, ('interm4', 'col0')), (8, ('interm4', 'col2')), (9, ('interm4', 'col3')), (10, ('interm4', 'col4')), (11, ('interm4', 'col5')), (12, ('interm4', 'col6'))])
[('ci', ['person_role_id', 'role_id', 'person_id', 'movie_id'], []), ('chn', ['id'], ['name']), ('rt', ['id'], []), ('interm6', ['col0'], ['col1', 'col2']), ('interm4', ['col1'], ['col0', 'col2', 'col3', 'col4', 'col5', 'col6'])]
[[('ci', 'person_role_id'), ('chn', 'id')], [('ci', 'role_id'), ('rt', 'id')], [('ci', 'person_id'), ('interm6', 'col0')], [('ci', 'movie_id'), ('interm4', 'col1')]]
########################################################################################################################################################################################################
