('interm0', [(0, ('cc', 'subject_id')), (1, ('cc', 'status_id')), (2, ('cc', 'movie_id'))], [2])
[('cc', ['subject_id', 'status_id'], ['movie_id']), ('cct1', ['id'], []), ('cct2', ['id'], [])]
[[('cc', 'subject_id'), ('cct1', 'id')], [('cc', 'status_id'), ('cct2', 'id')]]
########################################################################################################################################################################################################
('interm1', [(0, ('mi_idx', 'info_type_id')), (1, ('mi_idx', 'movie_id')), (2, ('mi_idx', 'info'))], [1])
[('mi_idx', ['info_type_id', 'movie_id'], ['info']), ('it2', ['id'], []), ('interm0', ['col2'], [])]
[[('mi_idx', 'info_type_id'), ('it2', 'id')], [('mi_idx', 'movie_id'), ('interm0', 'col2')]]
########################################################################################################################################################################################################
('interm2', [(0, ('t', 'id')), (1, ('t', 'title')), (3, ('interm1', 'col2'))], [0])
[('t', ['id'], ['title']), ('interm1', ['col1'], ['col2'])]
[[('t', 'id'), ('interm1', 'col1')]]
########################################################################################################################################################################################################
('interm3', [(0, ('mk', 'keyword_id')), (1, ('mk', 'movie_id')), (2, ('interm2', 'col1')), (4, ('interm2', 'col3'))], [1])
[('mk', ['keyword_id', 'movie_id'], []), ('k', ['id'], []), ('interm2', ['col0'], ['col1', 'col3'])]
[[('mk', 'keyword_id'), ('k', 'id')], [('mk', 'movie_id'), ('interm2', 'col0')]]
########################################################################################################################################################################################################
('interm4', [(0, ('mi', 'info_type_id')), (1, ('mi', 'movie_id')), (2, ('mi', 'info')), (4, ('interm3', 'col2')), (6, ('interm3', 'col4'))], [1])
[('mi', ['info_type_id', 'movie_id'], ['info']), ('it1', ['id'], []), ('interm3', ['col1'], ['col2', 'col4'])]
[[('mi', 'info_type_id'), ('it1', 'id')], [('mi', 'movie_id'), ('interm3', 'col1')]]
########################################################################################################################################################################################################
('root', [(0, ('ci', 'person_id')), (1, ('ci', 'movie_id')), (2, ('n', 'name')), (4, ('interm4', 'col2')), (6, ('interm4', 'col4')), (8, ('interm4', 'col6'))], [])
[('ci', ['person_id', 'movie_id'], []), ('n', ['id'], ['name']), ('interm4', ['col1'], ['col2', 'col4', 'col6'])]
[[('ci', 'person_id'), ('n', 'id')], [('ci', 'movie_id'), ('interm4', 'col1')]]
########################################################################################################################################################################################################
