('interm0', [(0, ('cc', 'subject_id')), (1, ('cc', 'status_id')), (2, ('cc', 'movie_id'))])
[('cc', ['subject_id', 'status_id'], ['movie_id']), ('cct1', ['id'], []), ('cct2', ['id'], [])]
[[('cc', 'subject_id'), ('cct1', 'id')], [('cc', 'status_id'), ('cct2', 'id')]]
########################################################################################################################################################################################################
('interm1', [(0, ('mi_idx', 'info_type_id')), (1, ('mi_idx', 'movie_id')), (2, ('mi_idx', 'info')), (3, ('interm0', 'col0')), (4, ('interm0', 'col1'))])
[('mi_idx', ['info_type_id', 'movie_id'], ['info']), ('it2', ['id'], []), ('interm0', ['col2'], ['col0', 'col1'])]
[[('mi_idx', 'info_type_id'), ('it2', 'id')], [('mi_idx', 'movie_id'), ('interm0', 'col2')]]
########################################################################################################################################################################################################
('interm2', [(0, ('t', 'id')), (1, ('t', 'title')), (2, ('interm1', 'col0')), (3, ('interm1', 'col2')), (4, ('interm1', 'col3')), (5, ('interm1', 'col4'))])
[('t', ['id'], ['title']), ('interm1', ['col1'], ['col0', 'col2', 'col3', 'col4'])]
[[('t', 'id'), ('interm1', 'col1')]]
########################################################################################################################################################################################################
('interm3', [(0, ('mk', 'keyword_id')), (1, ('mk', 'movie_id')), (2, ('interm2', 'col1')), (3, ('interm2', 'col2')), (4, ('interm2', 'col3')), (5, ('interm2', 'col4')), (6, ('interm2', 'col5'))])
[('mk', ['keyword_id', 'movie_id'], []), ('k', ['id'], []), ('interm2', ['col0'], ['col1', 'col2', 'col3', 'col4', 'col5'])]
[[('mk', 'keyword_id'), ('k', 'id')], [('mk', 'movie_id'), ('interm2', 'col0')]]
########################################################################################################################################################################################################
('interm4', [(0, ('mi', 'info_type_id')), (1, ('mi', 'movie_id')), (2, ('mi', 'info')), (3, ('interm3', 'col0')), (4, ('interm3', 'col2')), (5, ('interm3', 'col3')), (6, ('interm3', 'col4')), (7, ('interm3', 'col5')), (8, ('interm3', 'col6'))])
[('mi', ['info_type_id', 'movie_id'], ['info']), ('it1', ['id'], []), ('interm3', ['col1'], ['col0', 'col2', 'col3', 'col4', 'col5', 'col6'])]
[[('mi', 'info_type_id'), ('it1', 'id')], [('mi', 'movie_id'), ('interm3', 'col1')]]
########################################################################################################################################################################################################
('root', [(0, ('ci', 'person_id')), (1, ('ci', 'movie_id')), (2, ('n', 'name')), (3, ('interm4', 'col0')), (4, ('interm4', 'col2')), (5, ('interm4', 'col3')), (6, ('interm4', 'col4')), (7, ('interm4', 'col5')), (8, ('interm4', 'col6')), (9, ('interm4', 'col7')), (10, ('interm4', 'col8'))])
[('ci', ['person_id', 'movie_id'], []), ('n', ['id'], ['name']), ('interm4', ['col1'], ['col0', 'col2', 'col3', 'col4', 'col5', 'col6', 'col7', 'col8'])]
[[('ci', 'person_id'), ('n', 'id')], [('ci', 'movie_id'), ('interm4', 'col1')]]
########################################################################################################################################################################################################
