('interm0', [(0, ('ml', 'link_type_id')), (1, ('ml', 'movie_id')), (2, ('ml', 'linked_movie_id'))], [1])
[('ml', ['link_type_id'], ['movie_id', 'linked_movie_id']), ('lt', ['id'], [])]
[[('ml', 'link_type_id'), ('lt', 'id')]]
########################################################################################################################################################################################################
('interm1', [(0, ('mi_idx1', 'info_type_id')), (1, ('mi_idx1', 'movie_id')), (2, ('mi_idx1', 'info')), (4, ('interm0', 'col2'))], [4])
[('mi_idx1', ['info_type_id', 'movie_id'], ['info']), ('it1', ['id'], []), ('interm0', ['col1'], ['col2'])]
[[('mi_idx1', 'info_type_id'), ('it1', 'id')], [('mi_idx1', 'movie_id'), ('interm0', 'col1')]]
########################################################################################################################################################################################################
('interm2', [(0, ('mi_idx2', 'info_type_id')), (1, ('mi_idx2', 'movie_id')), (2, ('mi_idx2', 'info')), (4, ('interm1', 'col1')), (5, ('interm1', 'col2'))], [4])
[('mi_idx2', ['info_type_id', 'movie_id'], ['info']), ('it2', ['id'], []), ('interm1', ['col4'], ['col2'])]
[[('mi_idx2', 'info_type_id'), ('it2', 'id')], [('mi_idx2', 'movie_id'), ('interm1', 'col4')]]
########################################################################################################################################################################################################
('interm3', [(0, ('t1', 'kind_id')), (1, ('t1', 'id')), (2, ('t1', 'title')), (4, ('interm2', 'col1')), (5, ('interm2', 'col2')), (7, ('interm2', 'col5'))], [4])
[('t1', ['kind_id', 'id'], ['title']), ('kt1', ['id'], []), ('interm2', ['col4'], ['col2', 'col5'])]
[[('t1', 'kind_id'), ('kt1', 'id')], [('t1', 'id'), ('interm2', 'col4')]]
########################################################################################################################################################################################################
('interm4', [(0, ('t2', 'kind_id')), (1, ('t2', 'id')), (2, ('t2', 'title')), (4, ('interm3', 'col1')), (5, ('interm3', 'col2')), (7, ('interm3', 'col5')), (9, ('interm3', 'col7'))], [4])
[('t2', ['kind_id', 'id'], ['title']), ('kt2', ['id'], []), ('interm3', ['col4'], ['col2', 'col5', 'col7'])]
[[('t2', 'kind_id'), ('kt2', 'id')], [('t2', 'id'), ('interm3', 'col4')]]
########################################################################################################################################################################################################
('interm5', [(0, ('mc1', 'company_id')), (1, ('mc1', 'movie_id')), (2, ('cn1', 'name')), (4, ('interm4', 'col1')), (5, ('interm4', 'col2')), (7, ('interm4', 'col5')), (9, ('interm4', 'col7')), (11, ('interm4', 'col9'))], [4])
[('mc1', ['company_id', 'movie_id'], []), ('cn1', ['id'], ['name']), ('interm4', ['col4'], ['col2', 'col5', 'col7', 'col9'])]
[[('mc1', 'company_id'), ('cn1', 'id')], [('mc1', 'movie_id'), ('interm4', 'col4')]]
########################################################################################################################################################################################################
('root', [(0, ('mc2', 'company_id')), (1, ('mc2', 'movie_id')), (2, ('cn2', 'name')), (5, ('interm5', 'col2')), (7, ('interm5', 'col5')), (9, ('interm5', 'col7')), (11, ('interm5', 'col9')), (13, ('interm5', 'col11'))], [])
[('mc2', ['company_id', 'movie_id'], []), ('cn2', ['id'], ['name']), ('interm5', ['col4'], ['col2', 'col5', 'col7', 'col9', 'col11'])]
[[('mc2', 'company_id'), ('cn2', 'id')], [('mc2', 'movie_id'), ('interm5', 'col4')]]
########################################################################################################################################################################################################
